дек. 04, 2022 3:10:17 PM org.apache.coyote.AbstractProtocol init
INFO: Initializing ProtocolHandler ["http-nio-auto-1"]
дек. 04, 2022 3:10:17 PM org.apache.tomcat.util.net.NioSelectorPool getSharedSelector
INFO: Using a shared selector for servlet write/read
дек. 04, 2022 3:10:17 PM org.apache.catalina.core.StandardService startInternal
INFO: Starting service [Tomcat]
дек. 04, 2022 3:10:17 PM org.apache.catalina.core.StandardEngine startInternal
INFO: Starting Servlet engine: [Apache Tomcat/8.5.69]
дек. 04, 2022 3:10:17 PM org.apache.coyote.AbstractProtocol start
INFO: Starting ProtocolHandler ["http-nio-auto-1-40597"]
дек. 04, 2022 3:10:19 PM exercise.servlet.SessionServlet login
INFO: lavern.keeling@gmail.com
дек. 04, 2022 3:10:19 PM exercise.servlet.SessionServlet login
INFO: shoshana.haley@hotmail.com
дек. 04, 2022 3:10:19 PM exercise.servlet.SessionServlet login
INFO: suzann.barrows@hotmail.com
дек. 04, 2022 3:10:19 PM exercise.servlet.SessionServlet login
INFO: lavern.keeling@gmail.com
дек. 04, 2022 3:10:19 PM exercise.servlet.SessionServlet login
INFO: lavern.keeling@gmail.com
дек. 04, 2022 3:10:19 PM exercise.servlet.SessionServlet login
INFO: lavern.keeling@gmail.com
дек. 04, 2022 3:10:20 PM org.apache.coyote.AbstractProtocol pause
INFO: Pausing ProtocolHandler ["http-nio-auto-1-40597"]
дек. 04, 2022 3:10:20 PM org.apache.catalina.core.StandardService stopInternal
INFO: Stopping service [Tomcat]
дек. 04, 2022 3:10:20 PM org.apache.catalina.loader.WebappClassLoaderBase clearReferencesObjectStreamClassCaches
WARNING: When running on Java 9 or later you need to add "--add-opens=java.base/java.io=null" to the JVM command line arguments to enable ObjectStream cache memory leak protection. Alternatively, you can suppress this warning by disabling ObjectStream class cache memory leak protection.
дек. 04, 2022 3:10:20 PM org.apache.catalina.loader.WebappClassLoaderBase clearReferencesRmiTargets
WARNING: When running on Java 9 or later you need to add "--add-opens=java.rmi/sun.rmi.transport=null" to the JVM command line arguments to enable RMI Target memory leak detection. Alternatively, you can suppress this warning by disabling RMI Target memory leak detection.
дек. 04, 2022 3:10:20 PM org.apache.coyote.AbstractProtocol stop
INFO: Stopping ProtocolHandler ["http-nio-auto-1-40597"]
дек. 04, 2022 3:42:02 PM org.apache.coyote.AbstractProtocol init
INFO: Initializing ProtocolHandler ["http-nio-5000"]
дек. 04, 2022 3:42:02 PM org.apache.tomcat.util.net.NioSelectorPool getSharedSelector
INFO: Using a shared selector for servlet write/read
дек. 04, 2022 3:42:02 PM org.apache.catalina.core.StandardService startInternal
INFO: Starting service [Tomcat]
дек. 04, 2022 3:42:02 PM org.apache.catalina.core.StandardEngine startInternal
INFO: Starting Servlet engine: [Apache Tomcat/8.5.69]
дек. 04, 2022 3:42:03 PM org.apache.coyote.AbstractProtocol start
INFO: Starting ProtocolHandler ["http-nio-5000"]
дек. 04, 2022 5:34:37 PM org.apache.coyote.AbstractProtocol init
INFO: Initializing ProtocolHandler ["http-nio-5000"]
дек. 04, 2022 5:34:37 PM org.apache.tomcat.util.net.NioSelectorPool getSharedSelector
INFO: Using a shared selector for servlet write/read
дек. 04, 2022 5:34:37 PM org.apache.catalina.core.StandardService startInternal
INFO: Starting service [Tomcat]
дек. 04, 2022 5:34:37 PM org.apache.catalina.core.StandardEngine startInternal
INFO: Starting Servlet engine: [Apache Tomcat/8.5.69]
дек. 04, 2022 5:34:37 PM org.apache.coyote.AbstractProtocol start
INFO: Starting ProtocolHandler ["http-nio-5000"]
дек. 04, 2022 5:35:02 PM exercise.servlet.SessionServlet login
INFO: 
дек. 04, 2022 5:35:36 PM exercise.servlet.SessionServlet login
INFO: 
дек. 04, 2022 5:36:11 PM org.apache.coyote.AbstractProtocol init
INFO: Initializing ProtocolHandler ["http-nio-5000"]
дек. 04, 2022 5:36:11 PM org.apache.tomcat.util.net.NioSelectorPool getSharedSelector
INFO: Using a shared selector for servlet write/read
дек. 04, 2022 5:36:11 PM org.apache.catalina.core.StandardService startInternal
INFO: Starting service [Tomcat]
дек. 04, 2022 5:36:11 PM org.apache.catalina.core.StandardEngine startInternal
INFO: Starting Servlet engine: [Apache Tomcat/8.5.69]
дек. 04, 2022 5:36:11 PM org.apache.coyote.AbstractProtocol start
INFO: Starting ProtocolHandler ["http-nio-5000"]
дек. 04, 2022 5:36:25 PM exercise.servlet.SessionServlet login
INFO: jjkjkjlj@mail.ru
дек. 04, 2022 5:37:35 PM org.apache.coyote.AbstractProtocol init
INFO: Initializing ProtocolHandler ["http-nio-5000"]
дек. 04, 2022 5:37:35 PM org.apache.tomcat.util.net.NioSelectorPool getSharedSelector
INFO: Using a shared selector for servlet write/read
дек. 04, 2022 5:37:35 PM org.apache.catalina.core.StandardService startInternal
INFO: Starting service [Tomcat]
дек. 04, 2022 5:37:35 PM org.apache.catalina.core.StandardEngine startInternal
INFO: Starting Servlet engine: [Apache Tomcat/8.5.69]
дек. 04, 2022 5:37:35 PM org.apache.coyote.AbstractProtocol start
INFO: Starting ProtocolHandler ["http-nio-5000"]
